============================[ Problem Statistics ]=============================
|                                                                             |
|  Number of variables:          2720                                         |
|  Number of clauses:          107610                                         |
|  Parse time:                   0.30 s                                       |
|  Simplification time:          0.00 s                                       |
|                                                                             |
============================[ Search Statistics ]====================================================
| Conflicts |          ORIGINAL         |          LEARNT          | Num Sols |      SUBGRAPHS      |
|           |    Vars  Clauses Literals |    Limit  Clauses Lit/Cl |          | Canonical Noncanon. |
=====================================================================================================
|       102 |    2720   107612 12451519 |     2000      102    110 |        0 |        18         2 |
|       263 |    2720   107623 12451738 |     2000      263     99 |        0 |        30        13 |
|       494 |    2720   107629 12451892 |     2000      494    130 |        0 |        40        19 |
|       834 |    2720   107632 12451969 |     2000      834    129 |        0 |        51        22 |
|      1353 |    2720   107645 12452336 |     2000     1353    124 |        0 |        73        35 |
|      2123 |    2720   107656 12452646 |     3601     1124     76 |        0 |        94        46 |
|      3267 |    2720   107661 12452820 |     3601     2268    103 |        0 |       103        51 |
|      5031 |    2583    73230  8494033 |     4970     2201     50 |        0 |       191       107 |
|      7634 |    2582    73271  8495353 |     4970     4803     86 |        0 |       240       148 |
|     11533 |    2582    73326  8497004 |     6288     6221     79 |        0 |       313       203 |
|     17359 |    2582    73386  8498872 |     8780     5139     53 |        0 |       387       263 |
|     26098 |    2582    73476  8501955 |     9993     9491     69 |        0 |       517       353 |
|     39189 |    2582    73593  8506388 |    12406    11995     73 |        0 |       735       470 |
|     58866 |    2582    73809  8514360 |    16002    11268     55 |        1 |      1074       685 |
|     88335 |    2370    74077  8524937 |    19610    14945     50 |        1 |      1586       962 |
|    132342 |    2360    70754  8507109 |    24421    13099     46 |        1 |      1969      1180 |
=====================================================================================================
Number of solutions   : 1
Canonical subgraphs   : 2329           (1219 /sec)
          order  3    : 1              (500000 /sec)
          order  4    : 2              (400000 /sec)
          order  5    : 5              (121951 /sec)
          order  6    : 8              (70175 /sec)
          order  7    : 17             (54839 /sec)
          order  8    : 43             (26220 /sec)
          order  9    : 114            (11637 /sec)
          order 10    : 279            (5199 /sec)
          order 11    : 658            (2233 /sec)
          order 12    : 887            (991 /sec)
          order 13    : 275            (509 /sec)
          order 14    : 36             (384 /sec)
          order 15    : 2              (1035 /sec)
          order 16    : 1              (1057 /sec)
          order 17    : 1              (52 /sec)
Noncanonical subgraphs: 1395           (7447 /sec)
          order  3    : 0              (-nan /sec)
          order  4    : 0              (-nan /sec)
          order  5    : 0              (-nan /sec)
          order  6    : 0              (-nan /sec)
          order  7    : 4              (333333 /sec)
          order  8    : 17             (197674 /sec)
          order  9    : 53             (113248 /sec)
          order 10    : 159            (54998 /sec)
          order 11    : 326            (26191 /sec)
          order 12    : 480            (8611 /sec)
          order 13    : 305            (3637 /sec)
          order 14    : 49             (1593 /sec)
          order 15    : 1              (5618 /sec)
          order 16    : 1              (1124 /sec)
          order 17    : 0              (-nan /sec)
Canonicity checking   : 1.91101 s
Noncanonicity checking: 0.187332 s
Total canonicity time : 2.09835 s
Proof size            : 139836646 bytes
database reductions   : 21
restarts              : 476
conflicts             : 174758         (3327 /sec)
decisions             : 260455         (0.00 % random) (4958 /sec)
propagations          : 24120062       (459129 /sec)
conflict literals     : 16214297       (60.47 % deleted)
actual reward         : 0.100083
Memory used           : 144.00 MB
CPU time              : 52.5344 s

UNSATISFIABLE

